05:22:33.100 INFO  - Processing command line option -hwspec C:\Users\lpcarm\Desktop\FPGA_BOOK\P19_soft_Processor_S3\soft_processor\SDK\SDK_Export\hw\soft_processor.xml. 
05:24:25.194 ERROR - FPGA Configuration failed.Connection to Board Failed


    Failed to Open JTAG Cable
    Cable target is not connected to the host
 
05:24:56.772 ERROR - FPGA Configuration failed.Failed to download the bit file

    Failed to program device 2 with bitstream C:/Users/lpcarm/Desktop/FPGA_BOOK/P19_soft_Processor_S3/SDK_workspace/soft_processor_hw_platform/download.bit
 
05:30:05.315 INFO  - Processing command line option -hwspec C:/Users/lpcarm/Desktop/FPGA_BOOK/P19_soft_Processor_S3/soft_processor/SDK/SDK_Export/hw/soft_processor.xml. 
05:30:32.893 ERROR - FPGA Configuration failed.Connection to Board Failed


    Failed to connect to Xilinx hw_server. Check if the
    hw_server is running and correct TCP port is used.
 
05:31:58.612 ERROR - FPGA Configuration failed.Failed to download the bit file

    DONE bit didn't go HIGH after programming FPGA
 
05:33:26.203 INFO  - System reset is completed. 
05:33:27.484 ERROR - Unexpected error while launching program. java.lang.RuntimeException: Target selection failed.
	at com.xilinx.sdk.debug.core.XilinxAppLaunchConfigurationDelegate.debugApplication(Unknown Source)
	at com.xilinx.sdk.debug.core.XilinxAppLaunchConfigurationDelegate.launch(Unknown Source)

05:34:19.199 ERROR - FPGA Configuration failed.Failed to download the bit file

    DONE bit didn't go HIGH after programming FPGA
 
05:44:40.029 INFO  - System reset is completed. 
05:44:41.185 ERROR - Unexpected error while launching program. java.lang.RuntimeException: Target selection failed.
	at com.xilinx.sdk.debug.core.XilinxAppLaunchConfigurationDelegate.debugApplication(Unknown Source)
	at com.xilinx.sdk.debug.core.XilinxAppLaunchConfigurationDelegate.launch(Unknown Source)

05:44:51.138 INFO  - System reset is completed. 
05:44:52.294 ERROR - Unexpected error while launching program. java.lang.RuntimeException: Target selection failed.
	at com.xilinx.sdk.debug.core.XilinxAppLaunchConfigurationDelegate.debugApplication(Unknown Source)
	at com.xilinx.sdk.debug.core.XilinxAppLaunchConfigurationDelegate.launch(Unknown Source)

06:03:59.091 ERROR - FPGA Configuration failed.Failed to download the bit file

    DONE bit didn't go HIGH after programming FPGA
 
06:04:46.412 ERROR - FPGA Configuration failed.Failed to download the bit file

    DONE bit didn't go HIGH after programming FPGA
 
06:06:05.093 ERROR - FPGA Configuration failed.Failed to download the bit file

    DONE bit didn't go HIGH after programming FPGA
 
06:09:46.427 ERROR - FPGA Configuration failed.Failed to download the bit file

    DONE bit didn't go HIGH after programming FPGA
 
06:16:30.254 ERROR - FPGA Configuration failed.Failed to download the bit file

    DONE bit didn't go HIGH after programming FPGA
 
06:19:05.104 ERROR - FPGA Configuration failed.Failed to download the bit file

    DONE bit didn't go HIGH after programming FPGA
 
06:21:10.358 ERROR - FPGA Configuration failed.Failed to download the bit file

    DONE bit didn't go HIGH after programming FPGA
 
06:22:16.035 ERROR - FPGA Configuration failed.Failed to download the bit file

    DONE bit didn't go HIGH after programming FPGA
 
06:22:59.405 ERROR - FPGA Configuration failed.Failed to download the bit file

    DONE bit didn't go HIGH after programming FPGA
 
06:23:31.337 ERROR - FPGA Configuration failed.Failed to download the bit file

    DONE bit didn't go HIGH after programming FPGA
 
06:24:30.220 ERROR - FPGA Configuration failed.Failed to download the bit file

    DONE bit didn't go HIGH after programming FPGA
 
06:25:19.575 ERROR - FPGA Configuration failed.Failed to download the bit file

    DONE bit didn't go HIGH after programming FPGA
 
06:26:41.996 ERROR - FPGA Configuration failed.Connection to Board Failed


    Failed to Open JTAG Cable
    Cable target is not connected to the host
 
06:27:05.139 ERROR - FPGA Configuration failed.Failed to download the bit file

    DONE bit didn't go HIGH after programming FPGA
 
06:29:50.588 ERROR - Unexpected error while parsing XMD response ?: com.google.gson.JsonSyntaxException: com.google.gson.stream.MalformedJsonException: invalid number or unquoted string near  
06:32:12.972 ERROR - FPGA Configuration failed.Connection to Board Failed


    Failed to Open JTAG Cable
    Cable target is not connected to the host
 
06:32:30.405 ERROR - FPGA Configuration failed.Failed to download the bit file

    DONE bit didn't go HIGH after programming FPGA
 
06:32:51.770 ERROR - FPGA Configuration failed.Connection to Board Failed

Failed to Scan JTAG Chain
    Unknown Error
 
06:33:26.661 ERROR - Unexpected error while parsing XMD response ?: com.google.gson.JsonSyntaxException: com.google.gson.stream.MalformedJsonException: invalid number or unquoted string near  
06:35:19.666 ERROR - FPGA Configuration failed.Connection to Board Failed

Failed to Scan JTAG Chain
    Unknown Error
 
06:36:27.796 ERROR - FPGA Configuration failed.Connection to Board Failed

Failed to Scan JTAG Chain
    Unknown Error
 
06:37:08.991 INFO  - System reset is completed. 
06:37:10.272 ERROR - Unexpected error while launching program. java.lang.RuntimeException: Target selection failed.
	at com.xilinx.sdk.debug.core.XilinxAppLaunchConfigurationDelegate.debugApplication(Unknown Source)
	at com.xilinx.sdk.debug.core.XilinxAppLaunchConfigurationDelegate.launch(Unknown Source)

06:38:26.913 ERROR - FPGA Configuration failed.Connection to Board Failed


    Failed to Open JTAG Cable
    Cable target is not connected to the host
 
06:38:46.765 ERROR - Unexpected error while parsing XMD response ?: com.google.gson.JsonSyntaxException: com.google.gson.stream.MalformedJsonException: invalid number or unquoted string near  
06:39:36.080 ERROR - FPGA Configuration failed.Connection to Board Failed

Failed to Scan JTAG Chain
    Unknown Error
 
06:42:03.086 ERROR - FPGA Configuration failed.Connection to Board Failed

Failed to Scan JTAG Chain
    Unknown Error
 
06:43:37.775 ERROR - FPGA Configuration failed.Connection to Board Failed

Failed to Scan JTAG Chain
    Unknown Error
 
06:44:54.546 ERROR - FPGA Configuration failed.Connection to Board Failed

Failed to Scan JTAG Chain
    Unknown Error
 
06:45:55.851 ERROR - FPGA Configuration failed.Connection to Board Failed

Failed to Scan JTAG Chain
    Unknown Error
 
06:46:28.340 ERROR - Unexpected error while parsing XMD response ?: com.google.gson.JsonSyntaxException: com.google.gson.stream.MalformedJsonException: invalid number or unquoted string near  
