11:04:56.030 INFO  - Processing command line option -hwspec C:\Users\lpcarm\Desktop\FPGA_BOOK\P18_MicroBlaze\soft_processor\SDK\SDK_Export\hw\soft_processor.xml. 
11:05:38.697 INFO  - Processing command line option -hwspec C:\Users\lpcarm\Desktop\FPGA_BOOK\P18_MicroBlaze\soft_processor\SDK\SDK_Export\hw\soft_processor.xml. 
11:15:18.836 INFO  - FPGA configured successfully with bitstream "C:/Users/lpcarm/Desktop/FPGA_BOOK/P18_MicroBlaze/SDK_workspace/soft_processor_hw_platform/download.bit" 
11:33:24.683 ERROR - Unexpected error while fetching XMD's response:  java.net.SocketException: Connection reset
	at java.net.SocketInputStream.read(Unknown Source)
	at sun.nio.cs.StreamDecoder.readBytes(Unknown Source)

11:33:24.683 ERROR - Zero sized response read from XMD. This indicates a communication error or a programming error. 
11:36:40.175 INFO  - Processing command line option -hwspec C:/Users/lpcarm/Desktop/FPGA_BOOK/P18_MicroBlaze/soft_processor/SDK/SDK_Export/hw/soft_processor.xml. 
11:36:45.207 ERROR - Exception while attemping to 'diff' files C:\Users\lpcarm\Desktop\FPGA_BOOK\P18_MicroBlaze\SDK_workspace\soft_processor_hw_platform\system_bd.bmm and C:\Users\lpcarm\Desktop\FPGA_BOOK\P18_MicroBlaze\soft_processor\SDK\SDK_Export\hw\edkBmmFile_bd.bmm. 
11:36:45.207 INFO  - Updating .bit and .bmm files from XPS's export folder. 
11:36:55.707 INFO  - Copied contents of C:\Users\lpcarm\Desktop\FPGA_BOOK\P18_MicroBlaze\soft_processor\SDK\SDK_Export\hw\soft_processor_top.bit into \soft_processor_hw_platform\system.bit. 
11:36:55.707 INFO  - Copied contents of C:\Users\lpcarm\Desktop\FPGA_BOOK\P18_MicroBlaze\soft_processor\SDK\SDK_Export\hw\edkBmmFile_bd.bmm into \soft_processor_hw_platform\system_bd.bmm. 
12:10:48.125 INFO  - FPGA configured successfully with bitstream "C:/Users/lpcarm/Desktop/FPGA_BOOK/P18_MicroBlaze/SDK_workspace/soft_processor_hw_platform/download.bit" 
12:11:57.704 INFO  - FPGA configured successfully with bitstream "C:/Users/lpcarm/Desktop/FPGA_BOOK/P18_MicroBlaze/SDK_workspace/soft_processor_hw_platform/download.bit" 
12:13:26.549 INFO  - FPGA configured successfully with bitstream "C:/Users/lpcarm/Desktop/FPGA_BOOK/P18_MicroBlaze/SDK_workspace/soft_processor_hw_platform/download.bit" 
12:25:13.283 INFO  - FPGA configured successfully with bitstream "C:/Users/lpcarm/Desktop/FPGA_BOOK/P18_MicroBlaze/SDK_workspace/soft_processor_hw_platform/download.bit" 
12:26:52.644 INFO  - FPGA configured successfully with bitstream "C:/Users/lpcarm/Desktop/FPGA_BOOK/P18_MicroBlaze/SDK_workspace/soft_processor_hw_platform/download.bit" 
12:29:13.302 INFO  - FPGA configured successfully with bitstream "C:/Users/lpcarm/Desktop/FPGA_BOOK/P18_MicroBlaze/SDK_workspace/soft_processor_hw_platform/download.bit" 
12:30:16.351 INFO  - FPGA configured successfully with bitstream "C:/Users/lpcarm/Desktop/FPGA_BOOK/P18_MicroBlaze/SDK_workspace/soft_processor_hw_platform/download.bit" 
12:31:25.274 INFO  - FPGA configured successfully with bitstream "C:/Users/lpcarm/Desktop/FPGA_BOOK/P18_MicroBlaze/SDK_workspace/soft_processor_hw_platform/download.bit" 
12:32:44.104 INFO  - FPGA configured successfully with bitstream "C:/Users/lpcarm/Desktop/FPGA_BOOK/P18_MicroBlaze/SDK_workspace/soft_processor_hw_platform/download.bit" 
12:34:17.839 INFO  - FPGA configured successfully with bitstream "C:/Users/lpcarm/Desktop/FPGA_BOOK/P18_MicroBlaze/SDK_workspace/soft_processor_hw_platform/download.bit" 
12:34:53.308 ERROR - Unexpected error while obtaining referenced S/W project {} org.eclipse.core.internal.resources.ResourceException: Resource '/P2_LED_Key_bsp' is not open.
	at org.eclipse.core.internal.resources.Project.checkAccessible(Project.java:150)
	at org.eclipse.core.internal.resources.Project.hasNature(Project.java:584)

12:34:53.308 ERROR - Unexpected error while obtaining referenced S/W project {} org.eclipse.core.internal.resources.ResourceException: Resource '/P2_LED_Key_bsp' is not open.
	at org.eclipse.core.internal.resources.Project.checkAccessible(Project.java:150)
	at org.eclipse.core.internal.resources.Project.hasNature(Project.java:584)

12:36:35.075 INFO  - FPGA configured successfully with bitstream "C:/Users/lpcarm/Desktop/FPGA_BOOK/P18_MicroBlaze/SDK_workspace/soft_processor_hw_platform/download.bit" 
12:38:25.404 INFO  - FPGA configured successfully with bitstream "C:/Users/lpcarm/Desktop/FPGA_BOOK/P18_MicroBlaze/SDK_workspace/soft_processor_hw_platform/download.bit" 
12:39:29.327 INFO  - FPGA configured successfully with bitstream "C:/Users/lpcarm/Desktop/FPGA_BOOK/P18_MicroBlaze/SDK_workspace/soft_processor_hw_platform/download.bit" 
12:40:22.546 INFO  - FPGA configured successfully with bitstream "C:/Users/lpcarm/Desktop/FPGA_BOOK/P18_MicroBlaze/SDK_workspace/soft_processor_hw_platform/download.bit" 
12:41:16.047 INFO  - FPGA configured successfully with bitstream "C:/Users/lpcarm/Desktop/FPGA_BOOK/P18_MicroBlaze/SDK_workspace/soft_processor_hw_platform/download.bit" 
12:42:41.736 INFO  - FPGA configured successfully with bitstream "C:/Users/lpcarm/Desktop/FPGA_BOOK/P18_MicroBlaze/SDK_workspace/soft_processor_hw_platform/download.bit" 
12:47:20.956 INFO  - FPGA configured successfully with bitstream "C:/Users/lpcarm/Desktop/FPGA_BOOK/P18_MicroBlaze/SDK_workspace/soft_processor_hw_platform/download.bit" 
19:27:51.750 ERROR - Unexpected error while obtaining referenced S/W project {} org.eclipse.core.internal.resources.ResourceException: Resource '/P1_LED_Test_bsp' is not open.
	at org.eclipse.core.internal.resources.Project.checkAccessible(Project.java:150)
	at org.eclipse.core.internal.resources.Project.hasNature(Project.java:584)

19:27:51.750 ERROR - Unexpected error while obtaining referenced S/W project {} org.eclipse.core.internal.resources.ResourceException: Resource '/P1_LED_Test_bsp' is not open.
	at org.eclipse.core.internal.resources.Project.checkAccessible(Project.java:150)
	at org.eclipse.core.internal.resources.Project.hasNature(Project.java:584)

19:27:51.750 ERROR - Unexpected error while obtaining referenced S/W project {} org.eclipse.core.internal.resources.ResourceException: Resource '/P1_LED_Test_bsp' is not open.
	at org.eclipse.core.internal.resources.Project.checkAccessible(Project.java:150)
	at org.eclipse.core.internal.resources.Project.hasNature(Project.java:584)

19:27:51.750 ERROR - Unexpected error while obtaining referenced S/W project {} org.eclipse.core.internal.resources.ResourceException: Resource '/P1_LED_Test_bsp' is not open.
	at org.eclipse.core.internal.resources.Project.checkAccessible(Project.java:150)
	at org.eclipse.core.internal.resources.Project.hasNature(Project.java:584)

19:28:29.454 ERROR - Unexpected error while obtaining referenced S/W project {} org.eclipse.core.internal.resources.ResourceException: Resource '/P3_7Segment_bsp' is not open.
	at org.eclipse.core.internal.resources.Project.checkAccessible(Project.java:150)
	at org.eclipse.core.internal.resources.Project.hasNature(Project.java:584)

19:28:29.454 ERROR - Unexpected error while obtaining referenced S/W project {} org.eclipse.core.internal.resources.ResourceException: Resource '/P3_7Segment_bsp' is not open.
	at org.eclipse.core.internal.resources.Project.checkAccessible(Project.java:150)
	at org.eclipse.core.internal.resources.Project.hasNature(Project.java:584)

19:28:29.454 ERROR - Unexpected error while obtaining referenced S/W project {} org.eclipse.core.internal.resources.ResourceException: Resource '/P3_7Segment_bsp' is not open.
	at org.eclipse.core.internal.resources.Project.checkAccessible(Project.java:150)
	at org.eclipse.core.internal.resources.Project.hasNature(Project.java:584)

19:28:29.454 ERROR - Unexpected error while obtaining referenced S/W project {} org.eclipse.core.internal.resources.ResourceException: Resource '/P3_7Segment_bsp' is not open.
	at org.eclipse.core.internal.resources.Project.checkAccessible(Project.java:150)
	at org.eclipse.core.internal.resources.Project.hasNature(Project.java:584)

19:28:54.172 ERROR - Unexpected error while obtaining referenced S/W project {} org.eclipse.core.internal.resources.ResourceException: Resource '/P2_LED_Key_bsp' is not open.
	at org.eclipse.core.internal.resources.Project.checkAccessible(Project.java:150)
	at org.eclipse.core.internal.resources.Project.hasNature(Project.java:584)

19:28:54.172 ERROR - Unexpected error while obtaining referenced S/W project {} org.eclipse.core.internal.resources.ResourceException: Resource '/P2_LED_Key_bsp' is not open.
	at org.eclipse.core.internal.resources.Project.checkAccessible(Project.java:150)
	at org.eclipse.core.internal.resources.Project.hasNature(Project.java:584)

19:28:54.250 ERROR - Unexpected error while obtaining referenced S/W project {} org.eclipse.core.internal.resources.ResourceException: Resource '/P2_LED_Key_bsp' is not open.
	at org.eclipse.core.internal.resources.Project.checkAccessible(Project.java:150)
	at org.eclipse.core.internal.resources.Project.hasNature(Project.java:584)

19:28:54.250 ERROR - Unexpected error while obtaining referenced S/W project {} org.eclipse.core.internal.resources.ResourceException: Resource '/P2_LED_Key_bsp' is not open.
	at org.eclipse.core.internal.resources.Project.checkAccessible(Project.java:150)
	at org.eclipse.core.internal.resources.Project.hasNature(Project.java:584)

19:29:02.579 ERROR - Unexpected error while obtaining referenced S/W project {} org.eclipse.core.internal.resources.ResourceException: Resource '/P1_LED_Test_bsp' is not open.
	at org.eclipse.core.internal.resources.Project.checkAccessible(Project.java:150)
	at org.eclipse.core.internal.resources.Project.hasNature(Project.java:584)

19:29:02.579 ERROR - Unexpected error while obtaining referenced S/W project {} org.eclipse.core.internal.resources.ResourceException: Resource '/P1_LED_Test_bsp' is not open.
	at org.eclipse.core.internal.resources.Project.checkAccessible(Project.java:150)
	at org.eclipse.core.internal.resources.Project.hasNature(Project.java:584)

19:29:02.735 ERROR - Unexpected error while obtaining referenced S/W project {} org.eclipse.core.internal.resources.ResourceException: Resource '/P1_LED_Test_bsp' is not open.
	at org.eclipse.core.internal.resources.Project.checkAccessible(Project.java:150)
	at org.eclipse.core.internal.resources.Project.hasNature(Project.java:584)

19:29:02.735 ERROR - Unexpected error while obtaining referenced S/W project {} org.eclipse.core.internal.resources.ResourceException: Resource '/P1_LED_Test_bsp' is not open.
	at org.eclipse.core.internal.resources.Project.checkAccessible(Project.java:150)
	at org.eclipse.core.internal.resources.Project.hasNature(Project.java:584)

19:39:13.188 ERROR - Unexpected error while obtaining referenced S/W project {} org.eclipse.core.internal.resources.ResourceException: Resource '/P3_7Segment_bsp' is not open.
	at org.eclipse.core.internal.resources.Project.checkAccessible(Project.java:150)
	at org.eclipse.core.internal.resources.Project.hasNature(Project.java:584)

19:39:13.188 ERROR - Unexpected error while obtaining referenced S/W project {} org.eclipse.core.internal.resources.ResourceException: Resource '/P3_7Segment_bsp' is not open.
	at org.eclipse.core.internal.resources.Project.checkAccessible(Project.java:150)
	at org.eclipse.core.internal.resources.Project.hasNature(Project.java:584)

19:39:13.188 ERROR - Unexpected error while obtaining referenced S/W project {} org.eclipse.core.internal.resources.ResourceException: Resource '/P3_7Segment_bsp' is not open.
	at org.eclipse.core.internal.resources.Project.checkAccessible(Project.java:150)
	at org.eclipse.core.internal.resources.Project.hasNature(Project.java:584)

19:39:13.188 ERROR - Unexpected error while obtaining referenced S/W project {} org.eclipse.core.internal.resources.ResourceException: Resource '/P3_7Segment_bsp' is not open.
	at org.eclipse.core.internal.resources.Project.checkAccessible(Project.java:150)
	at org.eclipse.core.internal.resources.Project.hasNature(Project.java:584)

19:39:30.266 ERROR - Unexpected error while obtaining referenced S/W project {} org.eclipse.core.internal.resources.ResourceException: Resource '/P3_7Segment_bsp' is not open.
	at org.eclipse.core.internal.resources.Project.checkAccessible(Project.java:150)
	at org.eclipse.core.internal.resources.Project.hasNature(Project.java:584)

19:39:30.266 ERROR - Unexpected error while obtaining referenced S/W project {} org.eclipse.core.internal.resources.ResourceException: Resource '/P3_7Segment_bsp' is not open.
	at org.eclipse.core.internal.resources.Project.checkAccessible(Project.java:150)
	at org.eclipse.core.internal.resources.Project.hasNature(Project.java:584)

19:39:30.375 ERROR - Unexpected error while obtaining referenced S/W project {} org.eclipse.core.internal.resources.ResourceException: Resource '/P3_7Segment_bsp' is not open.
	at org.eclipse.core.internal.resources.Project.checkAccessible(Project.java:150)
	at org.eclipse.core.internal.resources.Project.hasNature(Project.java:584)

19:39:30.375 ERROR - Unexpected error while obtaining referenced S/W project {} org.eclipse.core.internal.resources.ResourceException: Resource '/P3_7Segment_bsp' is not open.
	at org.eclipse.core.internal.resources.Project.checkAccessible(Project.java:150)
	at org.eclipse.core.internal.resources.Project.hasNature(Project.java:584)

20:11:47.641 ERROR - Unexpected error while obtaining referenced S/W project {} org.eclipse.core.internal.resources.ResourceException: Resource '/P5_Serial_Port_bsp' is not open.
	at org.eclipse.core.internal.resources.Project.checkAccessible(Project.java:150)
	at org.eclipse.core.internal.resources.Project.hasNature(Project.java:584)

20:11:47.641 ERROR - Unexpected error while obtaining referenced S/W project {} org.eclipse.core.internal.resources.ResourceException: Resource '/P5_Serial_Port_bsp' is not open.
	at org.eclipse.core.internal.resources.Project.checkAccessible(Project.java:150)
	at org.eclipse.core.internal.resources.Project.hasNature(Project.java:584)

20:11:47.641 ERROR - Unexpected error while obtaining referenced S/W project {} org.eclipse.core.internal.resources.ResourceException: Resource '/P5_Serial_Port_bsp' is not open.
	at org.eclipse.core.internal.resources.Project.checkAccessible(Project.java:150)
	at org.eclipse.core.internal.resources.Project.hasNature(Project.java:584)

20:11:47.641 ERROR - Unexpected error while obtaining referenced S/W project {} org.eclipse.core.internal.resources.ResourceException: Resource '/P5_Serial_Port_bsp' is not open.
	at org.eclipse.core.internal.resources.Project.checkAccessible(Project.java:150)
	at org.eclipse.core.internal.resources.Project.hasNature(Project.java:584)

21:18:32.469 ERROR - Unexpected error while obtaining referenced S/W project {} org.eclipse.core.internal.resources.ResourceException: Resource '/P6_Interrupt_bsp' is not open.
	at org.eclipse.core.internal.resources.Project.checkAccessible(Project.java:150)
	at org.eclipse.core.internal.resources.Project.hasNature(Project.java:584)

21:18:32.469 ERROR - Unexpected error while obtaining referenced S/W project {} org.eclipse.core.internal.resources.ResourceException: Resource '/P6_Interrupt_bsp' is not open.
	at org.eclipse.core.internal.resources.Project.checkAccessible(Project.java:150)
	at org.eclipse.core.internal.resources.Project.hasNature(Project.java:584)

21:18:32.610 ERROR - Unexpected error while obtaining referenced S/W project {} org.eclipse.core.internal.resources.ResourceException: Resource '/P6_Interrupt_bsp' is not open.
	at org.eclipse.core.internal.resources.Project.checkAccessible(Project.java:150)
	at org.eclipse.core.internal.resources.Project.hasNature(Project.java:584)

21:18:32.625 ERROR - Unexpected error while obtaining referenced S/W project {} org.eclipse.core.internal.resources.ResourceException: Resource '/P6_Interrupt_bsp' is not open.
	at org.eclipse.core.internal.resources.Project.checkAccessible(Project.java:150)
	at org.eclipse.core.internal.resources.Project.hasNature(Project.java:584)

21:18:41.594 ERROR - Unexpected error while parsing XMD response ?: com.google.gson.JsonSyntaxException: com.google.gson.stream.MalformedJsonException: invalid number or unquoted string near  
11:56:45.954 ERROR - Unexpected error while obtaining referenced S/W project {} org.eclipse.core.internal.resources.ResourceException: Resource '/P6_Interrupt_bsp' is not open.
	at org.eclipse.core.internal.resources.Project.checkAccessible(Project.java:150)
	at org.eclipse.core.internal.resources.Project.hasNature(Project.java:584)

11:56:45.969 ERROR - Unexpected error while obtaining referenced S/W project {} org.eclipse.core.internal.resources.ResourceException: Resource '/P6_Interrupt_bsp' is not open.
	at org.eclipse.core.internal.resources.Project.checkAccessible(Project.java:150)
	at org.eclipse.core.internal.resources.Project.hasNature(Project.java:584)

11:56:46.032 ERROR - Unexpected error while obtaining referenced S/W project {} org.eclipse.core.internal.resources.ResourceException: Resource '/P6_Interrupt_bsp' is not open.
	at org.eclipse.core.internal.resources.Project.checkAccessible(Project.java:150)
	at org.eclipse.core.internal.resources.Project.hasNature(Project.java:584)

11:56:46.032 ERROR - Unexpected error while obtaining referenced S/W project {} org.eclipse.core.internal.resources.ResourceException: Resource '/P6_Interrupt_bsp' is not open.
	at org.eclipse.core.internal.resources.Project.checkAccessible(Project.java:150)
	at org.eclipse.core.internal.resources.Project.hasNature(Project.java:584)

11:57:09.172 ERROR - Unexpected error while obtaining referenced S/W project {} org.eclipse.core.internal.resources.ResourceException: Resource '/P4_Multi_ss_bsp' is not open.
	at org.eclipse.core.internal.resources.Project.checkAccessible(Project.java:150)
	at org.eclipse.core.internal.resources.Project.hasNature(Project.java:584)

11:57:09.172 ERROR - Unexpected error while obtaining referenced S/W project {} org.eclipse.core.internal.resources.ResourceException: Resource '/P4_Multi_ss_bsp' is not open.
	at org.eclipse.core.internal.resources.Project.checkAccessible(Project.java:150)
	at org.eclipse.core.internal.resources.Project.hasNature(Project.java:584)

11:57:09.188 ERROR - Unexpected error while obtaining referenced S/W project {} org.eclipse.core.internal.resources.ResourceException: Resource '/P4_Multi_ss_bsp' is not open.
	at org.eclipse.core.internal.resources.Project.checkAccessible(Project.java:150)
	at org.eclipse.core.internal.resources.Project.hasNature(Project.java:584)

11:57:09.188 ERROR - Unexpected error while obtaining referenced S/W project {} org.eclipse.core.internal.resources.ResourceException: Resource '/P4_Multi_ss_bsp' is not open.
	at org.eclipse.core.internal.resources.Project.checkAccessible(Project.java:150)
	at org.eclipse.core.internal.resources.Project.hasNature(Project.java:584)

11:57:26.454 ERROR - Unexpected error while obtaining referenced S/W project {} org.eclipse.core.internal.resources.ResourceException: Resource '/P4_Multi_ss_bsp' is not open.
	at org.eclipse.core.internal.resources.Project.checkAccessible(Project.java:150)
	at org.eclipse.core.internal.resources.Project.hasNature(Project.java:584)

11:57:26.454 ERROR - Unexpected error while obtaining referenced S/W project {} org.eclipse.core.internal.resources.ResourceException: Resource '/P4_Multi_ss_bsp' is not open.
	at org.eclipse.core.internal.resources.Project.checkAccessible(Project.java:150)
	at org.eclipse.core.internal.resources.Project.hasNature(Project.java:584)

11:57:26.579 ERROR - Unexpected error while obtaining referenced S/W project {} org.eclipse.core.internal.resources.ResourceException: Resource '/P4_Multi_ss_bsp' is not open.
	at org.eclipse.core.internal.resources.Project.checkAccessible(Project.java:150)
	at org.eclipse.core.internal.resources.Project.hasNature(Project.java:584)

11:57:26.579 ERROR - Unexpected error while obtaining referenced S/W project {} org.eclipse.core.internal.resources.ResourceException: Resource '/P4_Multi_ss_bsp' is not open.
	at org.eclipse.core.internal.resources.Project.checkAccessible(Project.java:150)
	at org.eclipse.core.internal.resources.Project.hasNature(Project.java:584)

12:18:28.251 INFO  - FPGA configured successfully with bitstream "C:/Users/lpcarm/Desktop/FPGA_BOOK/P18_MicroBlaze/SDK_workspace/soft_processor_hw_platform/download.bit" 
12:18:38.845 INFO  - System reset is completed. 
12:18:40.173 ERROR - Unexpected error while launching program. java.lang.RuntimeException: Target selection failed.
	at com.xilinx.sdk.debug.core.XilinxAppLaunchConfigurationDelegate.debugApplication(Unknown Source)
	at com.xilinx.sdk.debug.core.XilinxAppLaunchConfigurationDelegate.launch(Unknown Source)

12:19:10.033 INFO  - System reset is completed. 
12:19:11.189 ERROR - Unexpected error while launching program. java.lang.RuntimeException: Target selection failed.
	at com.xilinx.sdk.debug.core.XilinxAppLaunchConfigurationDelegate.debugApplication(Unknown Source)
	at com.xilinx.sdk.debug.core.XilinxAppLaunchConfigurationDelegate.launch(Unknown Source)

12:19:22.439 ERROR - Unexpected error while obtaining referenced S/W project {} org.eclipse.core.internal.resources.ResourceException: Resource '/P6_Interrupt_bsp' is not open.
	at org.eclipse.core.internal.resources.Project.checkAccessible(Project.java:150)
	at org.eclipse.core.internal.resources.Project.hasNature(Project.java:584)

12:19:22.439 ERROR - Unexpected error while obtaining referenced S/W project {} org.eclipse.core.internal.resources.ResourceException: Resource '/P6_Interrupt_bsp' is not open.
	at org.eclipse.core.internal.resources.Project.checkAccessible(Project.java:150)
	at org.eclipse.core.internal.resources.Project.hasNature(Project.java:584)

12:19:22.580 ERROR - Unexpected error while obtaining referenced S/W project {} org.eclipse.core.internal.resources.ResourceException: Resource '/P6_Interrupt_bsp' is not open.
	at org.eclipse.core.internal.resources.Project.checkAccessible(Project.java:150)
	at org.eclipse.core.internal.resources.Project.hasNature(Project.java:584)

12:19:22.580 ERROR - Unexpected error while obtaining referenced S/W project {} org.eclipse.core.internal.resources.ResourceException: Resource '/P6_Interrupt_bsp' is not open.
	at org.eclipse.core.internal.resources.Project.checkAccessible(Project.java:150)
	at org.eclipse.core.internal.resources.Project.hasNature(Project.java:584)

12:19:28.564 ERROR - Unexpected error while obtaining referenced S/W project {} org.eclipse.core.internal.resources.ResourceException: Resource '/P6_Interrupt_bsp' is not open.
	at org.eclipse.core.internal.resources.Project.checkAccessible(Project.java:150)
	at org.eclipse.core.internal.resources.Project.hasNature(Project.java:584)

12:19:28.564 ERROR - Unexpected error while obtaining referenced S/W project {} org.eclipse.core.internal.resources.ResourceException: Resource '/P6_Interrupt_bsp' is not open.
	at org.eclipse.core.internal.resources.Project.checkAccessible(Project.java:150)
	at org.eclipse.core.internal.resources.Project.hasNature(Project.java:584)

12:19:31.501 ERROR - Unexpected error while obtaining referenced S/W project {} org.eclipse.core.internal.resources.ResourceException: Resource '/P6_Interrupt_bsp' is not open.
	at org.eclipse.core.internal.resources.Project.checkAccessible(Project.java:150)
	at org.eclipse.core.internal.resources.Project.hasNature(Project.java:584)

12:19:31.501 ERROR - Unexpected error while obtaining referenced S/W project {} org.eclipse.core.internal.resources.ResourceException: Resource '/P6_Interrupt_bsp' is not open.
	at org.eclipse.core.internal.resources.Project.checkAccessible(Project.java:150)
	at org.eclipse.core.internal.resources.Project.hasNature(Project.java:584)

12:19:31.501 ERROR - Unexpected error while obtaining referenced S/W project {} org.eclipse.core.internal.resources.ResourceException: Resource '/P6_Interrupt_bsp' is not open.
	at org.eclipse.core.internal.resources.Project.checkAccessible(Project.java:150)
	at org.eclipse.core.internal.resources.Project.hasNature(Project.java:584)

12:19:31.501 ERROR - Unexpected error while obtaining referenced S/W project {} org.eclipse.core.internal.resources.ResourceException: Resource '/P6_Interrupt_bsp' is not open.
	at org.eclipse.core.internal.resources.Project.checkAccessible(Project.java:150)
	at org.eclipse.core.internal.resources.Project.hasNature(Project.java:584)

12:19:31.658 ERROR - Unexpected error while obtaining referenced S/W project {} org.eclipse.core.internal.resources.ResourceException: Resource '/P6_Interrupt_bsp' is not open.
	at org.eclipse.core.internal.resources.Project.checkAccessible(Project.java:150)
	at org.eclipse.core.internal.resources.Project.hasNature(Project.java:584)

12:19:31.658 ERROR - Unexpected error while obtaining referenced S/W project {} org.eclipse.core.internal.resources.ResourceException: Resource '/P6_Interrupt_bsp' is not open.
	at org.eclipse.core.internal.resources.Project.checkAccessible(Project.java:150)
	at org.eclipse.core.internal.resources.Project.hasNature(Project.java:584)

12:19:58.705 INFO  - Processor reset is completed for microblaze_0 
12:20:01.626 INFO  - Application is downloaded for microblaze_0. (C:\Users\lpcarm\Desktop\FPGA_BOOK\P18_MicroBlaze\SDK_workspace\P7_Timer_7Seg\Debug\P7_Timer_7Seg.elf) 
12:20:39.330 INFO  - System reset is completed. 
12:20:40.486 ERROR - Unexpected error while launching program. java.lang.RuntimeException: Target selection failed.
	at com.xilinx.sdk.debug.core.XilinxAppLaunchConfigurationDelegate.debugApplication(Unknown Source)
	at com.xilinx.sdk.debug.core.XilinxAppLaunchConfigurationDelegate.launch(Unknown Source)

12:21:38.862 INFO  - FPGA configured successfully with bitstream "C:/Users/lpcarm/Desktop/FPGA_BOOK/P18_MicroBlaze/SDK_workspace/soft_processor_hw_platform/download.bit" 
12:27:10.049 ERROR - Unexpected error while obtaining referenced S/W project {} org.eclipse.core.internal.resources.ResourceException: Resource '/P6_Interrupt_bsp' is not open.
	at org.eclipse.core.internal.resources.Project.checkAccessible(Project.java:150)
	at org.eclipse.core.internal.resources.Project.hasNature(Project.java:584)

12:27:10.049 ERROR - Unexpected error while obtaining referenced S/W project {} org.eclipse.core.internal.resources.ResourceException: Resource '/P6_Interrupt_bsp' is not open.
	at org.eclipse.core.internal.resources.Project.checkAccessible(Project.java:150)
	at org.eclipse.core.internal.resources.Project.hasNature(Project.java:584)

12:27:10.049 ERROR - Unexpected error while obtaining referenced S/W project {} org.eclipse.core.internal.resources.ResourceException: Resource '/P6_Interrupt_bsp' is not open.
	at org.eclipse.core.internal.resources.Project.checkAccessible(Project.java:150)
	at org.eclipse.core.internal.resources.Project.hasNature(Project.java:584)

12:27:10.049 ERROR - Unexpected error while obtaining referenced S/W project {} org.eclipse.core.internal.resources.ResourceException: Resource '/P6_Interrupt_bsp' is not open.
	at org.eclipse.core.internal.resources.Project.checkAccessible(Project.java:150)
	at org.eclipse.core.internal.resources.Project.hasNature(Project.java:584)

12:27:10.065 ERROR - Unexpected error while obtaining referenced S/W project {} org.eclipse.core.internal.resources.ResourceException: Resource '/P6_Interrupt_bsp' is not open.
	at org.eclipse.core.internal.resources.Project.checkAccessible(Project.java:150)
	at org.eclipse.core.internal.resources.Project.hasNature(Project.java:584)

12:27:10.065 ERROR - Unexpected error while obtaining referenced S/W project {} org.eclipse.core.internal.resources.ResourceException: Resource '/P6_Interrupt_bsp' is not open.
	at org.eclipse.core.internal.resources.Project.checkAccessible(Project.java:150)
	at org.eclipse.core.internal.resources.Project.hasNature(Project.java:584)

12:27:10.065 ERROR - Unexpected error while obtaining referenced S/W project {} org.eclipse.core.internal.resources.ResourceException: Resource '/P6_Interrupt_bsp' is not open.
	at org.eclipse.core.internal.resources.Project.checkAccessible(Project.java:150)
	at org.eclipse.core.internal.resources.Project.hasNature(Project.java:584)

12:27:10.065 ERROR - Unexpected error while obtaining referenced S/W project {} org.eclipse.core.internal.resources.ResourceException: Resource '/P6_Interrupt_bsp' is not open.
	at org.eclipse.core.internal.resources.Project.checkAccessible(Project.java:150)
	at org.eclipse.core.internal.resources.Project.hasNature(Project.java:584)

12:30:23.894 INFO  - FPGA configured successfully with bitstream "C:/Users/lpcarm/Desktop/FPGA_BOOK/P18_MicroBlaze/SDK_workspace/soft_processor_hw_platform/download.bit" 
12:30:45.551 INFO  - FPGA configured successfully with bitstream "C:/Users/lpcarm/Desktop/FPGA_BOOK/P18_MicroBlaze/SDK_workspace/soft_processor_hw_platform/download.bit" 
12:31:11.662 INFO  - FPGA configured successfully with bitstream "C:/Users/lpcarm/Desktop/FPGA_BOOK/P18_MicroBlaze/SDK_workspace/soft_processor_hw_platform/download.bit" 
12:31:57.350 INFO  - FPGA configured successfully with bitstream "C:/Users/lpcarm/Desktop/FPGA_BOOK/P18_MicroBlaze/SDK_workspace/soft_processor_hw_platform/download.bit" 
12:36:43.367 INFO  - FPGA configured successfully with bitstream "C:/Users/lpcarm/Desktop/FPGA_BOOK/P18_MicroBlaze/SDK_workspace/soft_processor_hw_platform/download.bit" 
12:36:51.993 INFO  - FPGA configured successfully with bitstream "C:/Users/lpcarm/Desktop/FPGA_BOOK/P18_MicroBlaze/SDK_workspace/soft_processor_hw_platform/download.bit" 
12:38:23.619 INFO  - FPGA configured successfully with bitstream "C:/Users/lpcarm/Desktop/FPGA_BOOK/P18_MicroBlaze/SDK_workspace/soft_processor_hw_platform/download.bit" 
12:38:50.057 INFO  - FPGA configured successfully with bitstream "C:/Users/lpcarm/Desktop/FPGA_BOOK/P18_MicroBlaze/SDK_workspace/soft_processor_hw_platform/download.bit" 
12:43:07.527 INFO  - FPGA configured successfully with bitstream "C:/Users/lpcarm/Desktop/FPGA_BOOK/P18_MicroBlaze/SDK_workspace/soft_processor_hw_platform/download.bit" 
12:47:45.465 INFO  - FPGA configured successfully with bitstream "C:/Users/lpcarm/Desktop/FPGA_BOOK/P18_MicroBlaze/SDK_workspace/soft_processor_hw_platform/download.bit" 
12:51:38.966 INFO  - FPGA configured successfully with bitstream "C:/Users/lpcarm/Desktop/FPGA_BOOK/P18_MicroBlaze/SDK_workspace/soft_processor_hw_platform/download.bit" 
13:03:35.263 INFO  - System reset is completed. 
13:03:36.404 ERROR - Unexpected error while launching program. java.lang.RuntimeException: Target selection failed.
	at com.xilinx.sdk.debug.core.XilinxAppLaunchConfigurationDelegate.debugApplication(Unknown Source)
	at com.xilinx.sdk.debug.core.XilinxAppLaunchConfigurationDelegate.launch(Unknown Source)

13:03:43.467 INFO  - FPGA configured successfully with bitstream "C:/Users/lpcarm/Desktop/FPGA_BOOK/P18_MicroBlaze/SDK_workspace/soft_processor_hw_platform/download.bit" 
13:07:02.421 INFO  - FPGA configured successfully with bitstream "C:/Users/lpcarm/Desktop/FPGA_BOOK/P18_MicroBlaze/SDK_workspace/soft_processor_hw_platform/download.bit" 
13:08:41.171 ERROR - Unexpected error while obtaining referenced S/W project {} org.eclipse.core.internal.resources.ResourceException: Resource '/P6_Interrupt_bsp' is not open.
	at org.eclipse.core.internal.resources.Project.checkAccessible(Project.java:150)
	at org.eclipse.core.internal.resources.Project.hasNature(Project.java:584)

13:08:41.171 ERROR - Unexpected error while obtaining referenced S/W project {} org.eclipse.core.internal.resources.ResourceException: Resource '/P6_Interrupt_bsp' is not open.
	at org.eclipse.core.internal.resources.Project.checkAccessible(Project.java:150)
	at org.eclipse.core.internal.resources.Project.hasNature(Project.java:584)

13:08:41.328 ERROR - Unexpected error while obtaining referenced S/W project {} org.eclipse.core.internal.resources.ResourceException: Resource '/P6_Interrupt_bsp' is not open.
	at org.eclipse.core.internal.resources.Project.checkAccessible(Project.java:150)
	at org.eclipse.core.internal.resources.Project.hasNature(Project.java:584)

13:08:41.328 ERROR - Unexpected error while obtaining referenced S/W project {} org.eclipse.core.internal.resources.ResourceException: Resource '/P6_Interrupt_bsp' is not open.
	at org.eclipse.core.internal.resources.Project.checkAccessible(Project.java:150)
	at org.eclipse.core.internal.resources.Project.hasNature(Project.java:584)

13:08:49.312 INFO  - System reset is completed. 
13:08:50.468 ERROR - Unexpected error while launching program. java.lang.RuntimeException: Target selection failed.
	at com.xilinx.sdk.debug.core.XilinxAppLaunchConfigurationDelegate.debugApplication(Unknown Source)
	at com.xilinx.sdk.debug.core.XilinxAppLaunchConfigurationDelegate.launch(Unknown Source)

13:09:30.344 INFO  - FPGA configured successfully with bitstream "C:/Users/lpcarm/Desktop/FPGA_BOOK/P18_MicroBlaze/SDK_workspace/soft_processor_hw_platform/download.bit" 
13:10:15.564 INFO  - FPGA configured successfully with bitstream "C:/Users/lpcarm/Desktop/FPGA_BOOK/P18_MicroBlaze/SDK_workspace/soft_processor_hw_platform/download.bit" 
13:15:59.846 INFO  - FPGA configured successfully with bitstream "C:/Users/lpcarm/Desktop/FPGA_BOOK/P18_MicroBlaze/SDK_workspace/soft_processor_hw_platform/download.bit" 
13:16:50.847 INFO  - FPGA configured successfully with bitstream "C:/Users/lpcarm/Desktop/FPGA_BOOK/P18_MicroBlaze/SDK_workspace/soft_processor_hw_platform/download.bit" 
13:17:42.739 INFO  - FPGA configured successfully with bitstream "C:/Users/lpcarm/Desktop/FPGA_BOOK/P18_MicroBlaze/SDK_workspace/soft_processor_hw_platform/download.bit" 
13:23:17.912 INFO  - FPGA configured successfully with bitstream "C:/Users/lpcarm/Desktop/FPGA_BOOK/P18_MicroBlaze/SDK_workspace/soft_processor_hw_platform/download.bit" 
13:25:27.834 INFO  - FPGA configured successfully with bitstream "C:/Users/lpcarm/Desktop/FPGA_BOOK/P18_MicroBlaze/SDK_workspace/soft_processor_hw_platform/download.bit" 
13:26:53.054 INFO  - FPGA configured successfully with bitstream "C:/Users/lpcarm/Desktop/FPGA_BOOK/P18_MicroBlaze/SDK_workspace/soft_processor_hw_platform/download.bit" 
13:27:11.649 INFO  - FPGA configured successfully with bitstream "C:/Users/lpcarm/Desktop/FPGA_BOOK/P18_MicroBlaze/SDK_workspace/soft_processor_hw_platform/download.bit" 
13:29:02.024 INFO  - System reset is completed. 
13:29:03.149 ERROR - Unexpected error while launching program. java.lang.RuntimeException: Target selection failed.
	at com.xilinx.sdk.debug.core.XilinxAppLaunchConfigurationDelegate.debugApplication(Unknown Source)
	at com.xilinx.sdk.debug.core.XilinxAppLaunchConfigurationDelegate.launch(Unknown Source)

13:29:09.900 INFO  - FPGA configured successfully with bitstream "C:/Users/lpcarm/Desktop/FPGA_BOOK/P18_MicroBlaze/SDK_workspace/soft_processor_hw_platform/download.bit" 
13:30:13.901 INFO  - FPGA configured successfully with bitstream "C:/Users/lpcarm/Desktop/FPGA_BOOK/P18_MicroBlaze/SDK_workspace/soft_processor_hw_platform/download.bit" 
13:31:29.871 INFO  - FPGA configured successfully with bitstream "C:/Users/lpcarm/Desktop/FPGA_BOOK/P18_MicroBlaze/SDK_workspace/soft_processor_hw_platform/download.bit" 
13:32:33.043 INFO  - FPGA configured successfully with bitstream "C:/Users/lpcarm/Desktop/FPGA_BOOK/P18_MicroBlaze/SDK_workspace/soft_processor_hw_platform/download.bit" 
13:33:41.607 INFO  - FPGA configured successfully with bitstream "C:/Users/lpcarm/Desktop/FPGA_BOOK/P18_MicroBlaze/SDK_workspace/soft_processor_hw_platform/download.bit" 
13:34:38.764 INFO  - FPGA configured successfully with bitstream "C:/Users/lpcarm/Desktop/FPGA_BOOK/P18_MicroBlaze/SDK_workspace/soft_processor_hw_platform/download.bit" 
13:35:23.890 INFO  - FPGA configured successfully with bitstream "C:/Users/lpcarm/Desktop/FPGA_BOOK/P18_MicroBlaze/SDK_workspace/soft_processor_hw_platform/download.bit" 
13:36:10.141 INFO  - FPGA configured successfully with bitstream "C:/Users/lpcarm/Desktop/FPGA_BOOK/P18_MicroBlaze/SDK_workspace/soft_processor_hw_platform/download.bit" 
13:37:38.409 INFO  - FPGA configured successfully with bitstream "C:/Users/lpcarm/Desktop/FPGA_BOOK/P18_MicroBlaze/SDK_workspace/soft_processor_hw_platform/download.bit" 
13:38:06.691 INFO  - FPGA configured successfully with bitstream "C:/Users/lpcarm/Desktop/FPGA_BOOK/P18_MicroBlaze/SDK_workspace/soft_processor_hw_platform/download.bit" 
13:38:52.942 INFO  - FPGA configured successfully with bitstream "C:/Users/lpcarm/Desktop/FPGA_BOOK/P18_MicroBlaze/SDK_workspace/soft_processor_hw_platform/download.bit" 
13:39:10.849 INFO  - FPGA configured successfully with bitstream "C:/Users/lpcarm/Desktop/FPGA_BOOK/P18_MicroBlaze/SDK_workspace/soft_processor_hw_platform/download.bit" 
13:39:25.991 INFO  - FPGA configured successfully with bitstream "C:/Users/lpcarm/Desktop/FPGA_BOOK/P18_MicroBlaze/SDK_workspace/soft_processor_hw_platform/download.bit" 
13:39:53.164 INFO  - FPGA configured successfully with bitstream "C:/Users/lpcarm/Desktop/FPGA_BOOK/P18_MicroBlaze/SDK_workspace/soft_processor_hw_platform/download.bit" 
13:40:55.258 INFO  - FPGA configured successfully with bitstream "C:/Users/lpcarm/Desktop/FPGA_BOOK/P18_MicroBlaze/SDK_workspace/soft_processor_hw_platform/download.bit" 
13:43:11.509 INFO  - FPGA configured successfully with bitstream "C:/Users/lpcarm/Desktop/FPGA_BOOK/P18_MicroBlaze/SDK_workspace/soft_processor_hw_platform/download.bit" 
13:43:41.073 INFO  - FPGA configured successfully with bitstream "C:/Users/lpcarm/Desktop/FPGA_BOOK/P18_MicroBlaze/SDK_workspace/soft_processor_hw_platform/download.bit" 
13:44:45.792 INFO  - FPGA configured successfully with bitstream "C:/Users/lpcarm/Desktop/FPGA_BOOK/P18_MicroBlaze/SDK_workspace/soft_processor_hw_platform/download.bit" 
13:59:28.434 INFO  - FPGA configured successfully with bitstream "C:/Users/lpcarm/Desktop/FPGA_BOOK/P18_MicroBlaze/SDK_workspace/soft_processor_hw_platform/download.bit" 
14:01:39.591 INFO  - FPGA configured successfully with bitstream "C:/Users/lpcarm/Desktop/FPGA_BOOK/P18_MicroBlaze/SDK_workspace/soft_processor_hw_platform/download.bit" 
14:05:35.359 INFO  - FPGA configured successfully with bitstream "C:/Users/lpcarm/Desktop/FPGA_BOOK/P18_MicroBlaze/SDK_workspace/soft_processor_hw_platform/download.bit" 
14:06:42.313 INFO  - FPGA configured successfully with bitstream "C:/Users/lpcarm/Desktop/FPGA_BOOK/P18_MicroBlaze/SDK_workspace/soft_processor_hw_platform/download.bit" 
14:07:14.673 INFO  - FPGA configured successfully with bitstream "C:/Users/lpcarm/Desktop/FPGA_BOOK/P18_MicroBlaze/SDK_workspace/soft_processor_hw_platform/download.bit" 
14:10:02.252 INFO  - FPGA configured successfully with bitstream "C:/Users/lpcarm/Desktop/FPGA_BOOK/P18_MicroBlaze/SDK_workspace/soft_processor_hw_platform/download.bit" 
14:12:20.488 INFO  - FPGA configured successfully with bitstream "C:/Users/lpcarm/Desktop/FPGA_BOOK/P18_MicroBlaze/SDK_workspace/soft_processor_hw_platform/download.bit" 
14:13:32.754 INFO  - FPGA configured successfully with bitstream "C:/Users/lpcarm/Desktop/FPGA_BOOK/P18_MicroBlaze/SDK_workspace/soft_processor_hw_platform/download.bit" 
14:15:35.005 INFO  - FPGA configured successfully with bitstream "C:/Users/lpcarm/Desktop/FPGA_BOOK/P18_MicroBlaze/SDK_workspace/soft_processor_hw_platform/download.bit" 
14:16:46.928 INFO  - FPGA configured successfully with bitstream "C:/Users/lpcarm/Desktop/FPGA_BOOK/P18_MicroBlaze/SDK_workspace/soft_processor_hw_platform/download.bit" 
14:17:27.257 INFO  - FPGA configured successfully with bitstream "C:/Users/lpcarm/Desktop/FPGA_BOOK/P18_MicroBlaze/SDK_workspace/soft_processor_hw_platform/download.bit" 
14:17:56.665 INFO  - FPGA configured successfully with bitstream "C:/Users/lpcarm/Desktop/FPGA_BOOK/P18_MicroBlaze/SDK_workspace/soft_processor_hw_platform/download.bit" 
14:18:17.212 INFO  - FPGA configured successfully with bitstream "C:/Users/lpcarm/Desktop/FPGA_BOOK/P18_MicroBlaze/SDK_workspace/soft_processor_hw_platform/download.bit" 
14:18:34.088 INFO  - FPGA configured successfully with bitstream "C:/Users/lpcarm/Desktop/FPGA_BOOK/P18_MicroBlaze/SDK_workspace/soft_processor_hw_platform/download.bit" 
14:18:57.511 INFO  - FPGA configured successfully with bitstream "C:/Users/lpcarm/Desktop/FPGA_BOOK/P18_MicroBlaze/SDK_workspace/soft_processor_hw_platform/download.bit" 
14:20:04.637 INFO  - FPGA configured successfully with bitstream "C:/Users/lpcarm/Desktop/FPGA_BOOK/P18_MicroBlaze/SDK_workspace/soft_processor_hw_platform/download.bit" 
14:20:20.466 INFO  - FPGA configured successfully with bitstream "C:/Users/lpcarm/Desktop/FPGA_BOOK/P18_MicroBlaze/SDK_workspace/soft_processor_hw_platform/download.bit" 
14:26:34.732 ERROR - Unexpected error while parsing XMD response ?: com.google.gson.JsonSyntaxException: com.google.gson.stream.MalformedJsonException: invalid number or unquoted string near  
14:39:00.735 INFO  - FPGA configured successfully with bitstream "C:/Users/lpcarm/Desktop/FPGA_BOOK/P18_MicroBlaze/SDK_workspace/soft_processor_hw_platform/download.bit" 
14:39:13.250 ERROR - Unexpected error while parsing XMD response ?: com.google.gson.JsonSyntaxException: com.google.gson.stream.MalformedJsonException: invalid number or unquoted string near  
14:43:26.424 INFO  - FPGA configured successfully with bitstream "C:/Users/lpcarm/Desktop/FPGA_BOOK/P18_MicroBlaze/SDK_workspace/soft_processor_hw_platform/download.bit" 
16:53:06.737 ERROR - Unexpected error while parsing XMD response ?: com.google.gson.JsonSyntaxException: com.google.gson.stream.MalformedJsonException: invalid number or unquoted string near  
