
*** Running xst
    with args -ifn "HA.xst" -ofn "HA.srp" -intstyle ise

Reading design: HA.prj

=========================================================================
*                          HDL Parsing                                  *
=========================================================================
Parsing VHDL file "C:/Users/lpcarm/Desktop/FPGA_BOOK/P_Plan_Ahead/P_Plan_Ahead.srcs/sources_1/new/HA.vhd" into library work
Parsing entity <HA>.
Parsing architecture <Behavioral> of entity <ha>.

=========================================================================
*                            HDL Elaboration                            *
=========================================================================

Elaborating entity <HA> (architecture <Behavioral>) from library <work>.

=========================================================================
*                           HDL Synthesis                               *
=========================================================================

Synthesizing Unit <HA>.
    Related source file is "C:/Users/lpcarm/Desktop/FPGA_BOOK/P_Plan_Ahead/P_Plan_Ahead.srcs/sources_1/new/HA.vhd".
    Summary:
Unit <HA> synthesized.

=========================================================================
HDL Synthesis Report

Macro Statistics
# Xors                                                 : 1
 1-bit xor2                                            : 1

=========================================================================

=========================================================================
*                       Advanced HDL Synthesis                          *
=========================================================================


=========================================================================
Advanced HDL Synthesis Report

Macro Statistics
# Xors                                                 : 1
 1-bit xor2                                            : 1

=========================================================================

=========================================================================
*                         Low Level Synthesis                           *
=========================================================================

Optimizing unit <HA> ...

Mapping all equations...
Building and optimizing final netlist ...
Found area constraint ratio of 100 (+ 0) on block HA, actual ratio is 0.

Final Macro Processing ...

=========================================================================
Final Register Report

Found no macro
=========================================================================

=========================================================================
*                           Partition Report                            *
=========================================================================

Partition Implementation Status
-------------------------------

  No Partitions were found in this design.

-------------------------------

=========================================================================
*                            Design Summary                             *
=========================================================================

Clock Information:
------------------
No clock signals found in this design

Asynchronous Control Signals Information:
----------------------------------------
No asynchronous control signals found in this design

Timing Summary:
---------------
Speed Grade: -2

   Minimum period: No path found
   Minimum input arrival time before clock: No path found
   Maximum output required time after clock: No path found
   Maximum combinational path delay: 6.005ns

=========================================================================
